<?xml version="1.0" encoding="UTF-8"?>
<!-- Generated by org.testng.reporters.JUnitReportReporter -->
<testsuite hostname="LAPTOP-J8D1DKL4" failures="0" tests="3" name="albinsacademy.Tests.SubmitOrderTest" time="24.849" errors="0" timestamp="2025-01-26T19:02:50 IST" skipped="0">
  <testcase classname="albinsacademy.Tests.SubmitOrderTest" name="OrderHistoryTest" time="6.340"/>
  <testcase classname="albinsacademy.Tests.SubmitOrderTest" name="submitOrder" time="8.876"/>
  <testcase classname="albinsacademy.Tests.SubmitOrderTest" name="submitOrder" time="9.633"/>
</testsuite> <!-- albinsacademy.Tests.SubmitOrderTest -->
