<?xml version="1.0" encoding="UTF-8"?>
<!-- Generated by org.testng.reporters.JUnitReportReporter -->
<testsuite hostname="LAPTOP-J8D1DKL4" failures="0" tests="1" name="cucumber.TestNGTestRunner" time="9.887" errors="0" timestamp="2025-02-23T15:19:20 IST" skipped="0">
  <testcase classname="cucumber.TestNGTestRunner" name="runScenario" time="9.887"/>
</testsuite> <!-- cucumber.TestNGTestRunner -->
