<?xml version="1.0" encoding="UTF-8"?>
<!-- Generated by org.testng.reporters.JUnitReportReporter -->
<testsuite hostname="LAPTOP-J8D1DKL4" failures="0" tests="1" name="albinsacademy.Tests.ErrorValidations" time="40.122" errors="0" timestamp="2024-12-29T15:34:10 IST" skipped="0">
  <testcase classname="albinsacademy.Tests.ErrorValidations" name="submitOrder" time="40.122"/>
</testsuite> <!-- albinsacademy.Tests.ErrorValidations -->
